Godot Engine v4.2.1.stable.official.b09f793f5 - https://godotengine.org
TextServer: Added interface "Dummy"
TextServer: Added interface "ICU / HarfBuzz / Graphite (Built-in)"
Using "default" pen tablet driver...
JoypadLinux: udev enabled and loaded successfully.
 
TextServer: Primary interface set to: "ICU / HarfBuzz / Graphite (Built-in)".
CORE API HASH: 915626997
EDITOR API HASH: 1313472085
WARNING: Custom cursor shape not supported by this display server.
     at: cursor_set_custom_image (servers/display_server.cpp:505)
EditorSettings: Load OK!
WARNING: Blend file import is enabled in the project settings, but no Blender path is configured in the editor settings. Blend files will not be imported.
     at: _editor_init (modules/gltf/register_types.cpp:63)
Loaded system CA certificates
EditorSettings: Save OK!
ERROR: Cannot export project with preset "Android" due to configuration errors:
Debug keystore not configured in the Editor Settings nor in the preset.
A valid Android SDK path is required in Editor Settings.

   at: _fs_changed (editor/editor_node.cpp:978)
ERROR: Project export for preset "Android" failed.
   at: _fs_changed (editor/editor_node.cpp:994)
EditorSettings: Save OK!
XR: Clearing primary interface
XR: Removed interface "Native mobile"
XR: Removed interface "OpenXR"
Orphan StringName: Node (static: 4, total: 5)
StringName: 1 unclaimed string names at exit.
